
# 2023-03-17 02:31:10.818533
+da

# 2023-03-17 02:31:18.006521
+aadda

# 2023-03-17 02:31:20.470548
+uauau

# 2023-03-17 02:35:57.461088
+exit

# 2023-03-17 02:36:04.485879
+help

# 2023-03-17 02:37:48.401405
+exit

# 2023-03-17 02:38:00.425613
+help

# 2023-03-17 02:46:41.175404
+q

# 2023-03-17 02:46:42.103364
+exit

# 2023-03-17 02:47:19.926490
+help

# 2023-03-17 02:47:24.054616
+help mimic

# 2023-03-17 02:47:26.246513
+mimic

# 2023-03-17 02:49:07.834965
+help

# 2023-03-17 02:49:09.242538
+mimic

# 2023-03-17 02:49:13.426447
+help mimic

# 2023-03-17 02:49:15.498693
+mimic

# 2023-03-17 02:49:44.825516
+help mimic

# 2023-03-17 02:53:08.850638
+help

# 2023-03-17 02:53:10.618199
+help mimic

# 2023-03-17 02:53:12.634039
+help mimica

# 2023-03-17 02:53:16.626321
+help

# 2023-03-17 02:57:23.609853
+help mimic

# 2023-03-17 03:01:02.882500
+da

# 2023-03-17 03:01:14.370132
+dadadaa

# 2023-03-17 03:01:15.298378
+dada

# 2023-03-17 03:01:17.793783
+ddddddddddddddddddddddddddddd

# 2023-03-17 03:01:18.521902
+d

# 2023-03-17 03:01:33.953175
+mimic

# 2023-03-17 03:04:59.874653
+hel

# 2023-03-17 03:05:02.074188
+help

# 2023-03-17 03:10:57.742569
+help mimic

# 2023-03-17 03:12:05.715936
+ls

# 2023-03-17 03:12:10.843685
+help

# 2023-03-17 03:22:56.695724
+mimic join 100 0.001

# 2023-03-17 03:24:29.451107
+help mimic

# 2023-03-17 03:24:45.978287
+help

# 2023-03-17 03:24:48.450653
+help mimic

# 2023-03-17 03:31:36.028971
+mimic j

# 2023-03-17 03:36:08.803789
+da

# 2023-03-17 03:36:10.683244
+db

# 2023-03-17 03:45:35.368826
+mimic

# 2023-03-17 03:45:38.688461
+micmic

# 2023-03-17 03:46:04.415530
+mimic 

# 2023-03-17 04:00:41.417962
+m

# 2023-03-17 04:05:05.361151
+mimic join 100 0.01

# 2023-03-17 04:09:47.439800
+mimic

# 2023-03-17 04:10:52.254272
+mimic join 10 0.01

# 2023-03-17 04:10:56.812970
+help

# 2023-03-17 04:11:00.196955
+help mimic

# 2023-03-17 04:11:04.332849
+mimic 

# 2023-03-17 04:15:10.444688
+mimic

# 2023-03-17 04:15:18.452091
+help mimic

# 2023-03-17 04:16:21.258388
+mimic

# 2023-03-17 04:16:24.185853
+help mimic

# 2023-03-17 04:16:27.273890
+help da

# 2023-03-17 04:16:30.553758
+da

# 2023-03-17 04:17:00.624663
+mimic

# 2023-03-17 04:17:09.864522
+mimic join 10 1

# 2023-03-17 04:22:59.956966
+sql "nana nan"

# 2023-03-17 04:25:26.760121
+sql "SELECT * FROM joins"

# 2023-03-17 04:27:41.859238
+sql "SELECT * FROM comments"

# 2023-03-17 04:31:02.212293
+sql "SELECT * FROM comments WHERE comment = 'Ohayou'"

# 2023-03-17 04:31:07.308131
+sql "SELECT * FROM comments WHERE comment = 'Hi'"

# 2023-03-17 04:36:00.602264
+sql "SELECT * FROM comments WHERE user_id = '6973650288385606658'"

# 2023-03-17 04:36:13.625946
+sql "SELECT * FROM comments WHERE user_id = '6919537171071304710'"

# 2023-03-17 04:36:25.577503
+sql

# 2023-03-17 04:36:26.729480
+sql 

# 2023-03-17 04:36:43.985053
+mimic 

# 2023-03-17 04:36:49.793033
+sql 

# 2023-03-17 04:38:40.373006
+sql  

# 2023-03-17 04:39:03.804317
+da

# 2023-03-17 04:39:06.828053
+mimic    

# 2023-03-17 04:40:55.472466
+sql    

# 2023-03-17 04:41:36.807224
+sql 

# 2023-03-17 04:41:45.983996
+sql

# 2023-03-17 04:41:47.302462
+sql 

# 2023-03-17 04:41:48.910309
+sql    

# 2023-03-17 04:41:51.206643
+sql                

# 2023-03-17 04:41:52.966925
+mimic     

# 2023-03-17 04:42:34.749163
+sql   

# 2023-03-17 04:42:37.684811
+sql 

# 2023-03-17 04:42:38.564722
+sql

# 2023-03-17 04:42:40.228878
+sql 

# 2023-03-17 04:42:59.404196
+sql   

# 2023-03-17 04:43:43.522562
+sql

# 2023-03-17 04:43:45.522478
+sql  ll 

# 2023-03-17 04:43:47.514284
+sql    

# 2023-03-17 04:43:49.858349
+micmi  

# 2023-03-17 04:43:51.338035
+mimic   

# 2023-03-17 04:43:53.314113
+mimic

# 2023-03-17 04:46:48.916616
+help

# 2023-03-17 04:47:26.723321
+post "say hi"

# 2023-03-17 04:47:33.538649
+post

# 2023-03-17 04:47:35.938986
+post say hi

# 2023-03-17 04:47:38.906679
+post "say hi"

# 2023-03-17 04:47:52.010201
+mimic join 10 0.01

# 2023-03-17 04:48:50.264605
+sql 

# 2023-03-17 04:48:52.024608
+sql    

# 2023-03-17 04:48:55.024687
+help

# 2023-03-19 19:28:56.567914
+reset_db confirm

# 2023-03-19 19:28:58.271496
+help

# 2023-03-19 19:29:58.189059
+reset_db

# 2023-03-19 19:30:02.381582
+reset_db confirm

# 2023-03-19 19:34:02.101491
+exit

# 2023-03-21 17:19:15.839047
+reset_db

# 2023-03-21 17:19:20.110414
+reset_db confirm
